{"G:\\proyecto-incident-dashboard\\incident-api\\src\\config\\db.ts": {"path":"G:\\proyecto-incident-dashboard\\incident-api\\src\\config\\db.ts","statementMap":{"0":{"start":{"line":1,"column":0},"end":{"line":1,"column":31}},"1":{"start":{"line":3,"column":25},"end":{"line":12,"column":1}},"2":{"start":{"line":4,"column":14},"end":{"line":4,"column":37}},"3":{"start":{"line":6,"column":2},"end":{"line":8,"column":3}},"4":{"start":{"line":7,"column":4},"end":{"line":7,"column":null}},"5":{"start":{"line":10,"column":2},"end":{"line":10,"column":null}},"6":{"start":{"line":11,"column":2},"end":{"line":11,"column":null}},"7":{"start":{"line":3,"column":13},"end":{"line":3,"column":25}}},"fnMap":{"0":{"name":"(anonymous_1)","decl":{"start":{"line":3,"column":25},"end":{"line":3,"column":30}},"loc":{"start":{"line":3,"column":51},"end":{"line":12,"column":1}}}},"branchMap":{"0":{"loc":{"start":{"line":6,"column":2},"end":{"line":8,"column":3}},"type":"if","locations":[{"start":{"line":6,"column":2},"end":{"line":8,"column":3}},{"start":{},"end":{}}]}},"s":{"0":1,"1":1,"2":2,"3":2,"4":1,"5":1,"6":1,"7":1},"f":{"0":2},"b":{"0":[1,1]}}
,"G:\\proyecto-incident-dashboard\\incident-api\\src\\middleware\\errorHandler.ts": {"path":"G:\\proyecto-incident-dashboard\\incident-api\\src\\middleware\\errorHandler.ts","statementMap":{"0":{"start":{"line":2,"column":0},"end":{"line":2,"column":46}},"1":{"start":{"line":9,"column":30},"end":{"line":15,"column":1}},"2":{"start":{"line":10,"column":16},"end":{"line":10,"column":46}},"3":{"start":{"line":11,"column":2},"end":{"line":11,"column":null}},"4":{"start":{"line":12,"column":2},"end":{"line":12,"column":null}},"5":{"start":{"line":13,"column":2},"end":{"line":13,"column":null}},"6":{"start":{"line":14,"column":2},"end":{"line":14,"column":null}},"7":{"start":{"line":9,"column":13},"end":{"line":9,"column":30}},"8":{"start":{"line":17,"column":19},"end":{"line":19,"column":1}},"9":{"start":{"line":18,"column":2},"end":{"line":18,"column":null}},"10":{"start":{"line":21,"column":28},"end":{"line":40,"column":1}},"11":{"start":{"line":22,"column":2},"end":{"line":22,"column":null}},"12":{"start":{"line":24,"column":2},"end":{"line":27,"column":3}},"13":{"start":{"line":25,"column":4},"end":{"line":25,"column":null}},"14":{"start":{"line":26,"column":4},"end":{"line":26,"column":10}},"15":{"start":{"line":29,"column":2},"end":{"line":32,"column":3}},"16":{"start":{"line":30,"column":4},"end":{"line":30,"column":null}},"17":{"start":{"line":31,"column":4},"end":{"line":31,"column":10}},"18":{"start":{"line":34,"column":2},"end":{"line":37,"column":3}},"19":{"start":{"line":35,"column":4},"end":{"line":35,"column":null}},"20":{"start":{"line":36,"column":4},"end":{"line":36,"column":10}},"21":{"start":{"line":39,"column":2},"end":{"line":39,"column":null}},"22":{"start":{"line":21,"column":13},"end":{"line":21,"column":28}},"23":{"start":{"line":43,"column":2},"end":{"line":52,"column":3}},"24":{"start":{"line":44,"column":2},"end":{"line":52,"column":3}},"25":{"start":{"line":45,"column":4},"end":{"line":51,"column":5}},"26":{"start":{"line":46,"column":6},"end":{"line":46,"column":null}},"27":{"start":{"line":47,"column":6},"end":{"line":47,"column":null}},"28":{"start":{"line":49,"column":22},"end":{"line":49,"column":81}},"29":{"start":{"line":50,"column":6},"end":{"line":50,"column":null}},"30":{"start":{"line":42,"column":13},"end":{"line":42,"column":null}},"31":{"start":{"line":55,"column":2},"end":{"line":58,"column":3}},"32":{"start":{"line":56,"column":2},"end":{"line":58,"column":3}},"33":{"start":{"line":57,"column":4},"end":{"line":57,"column":null}},"34":{"start":{"line":54,"column":13},"end":{"line":54,"column":null}}},"fnMap":{"0":{"name":"(anonymous_0)","decl":{"start":{"line":9,"column":30},"end":{"line":9,"column":31}},"loc":{"start":{"line":9,"column":99},"end":{"line":15,"column":1}}},"1":{"name":"(anonymous_1)","decl":{"start":{"line":17,"column":19},"end":{"line":17,"column":20}},"loc":{"start":{"line":17,"column":57},"end":{"line":19,"column":1}}},"2":{"name":"(anonymous_2)","decl":{"start":{"line":21,"column":28},"end":{"line":21,"column":29}},"loc":{"start":{"line":21,"column":102},"end":{"line":40,"column":1}}},"3":{"name":"(anonymous_3)","decl":{"start":{"line":43,"column":2},"end":{"line":43,"column":3}},"loc":{"start":{"line":44,"column":2},"end":{"line":52,"column":3}}},"4":{"name":"(anonymous_4)","decl":{"start":{"line":44,"column":2},"end":{"line":44,"column":3}},"loc":{"start":{"line":44,"column":61},"end":{"line":52,"column":3}}},"5":{"name":"(anonymous_5)","decl":{"start":{"line":55,"column":2},"end":{"line":55,"column":3}},"loc":{"start":{"line":56,"column":2},"end":{"line":58,"column":3}}},"6":{"name":"(anonymous_6)","decl":{"start":{"line":56,"column":2},"end":{"line":56,"column":3}},"loc":{"start":{"line":56,"column":60},"end":{"line":58,"column":3}}}},"branchMap":{"0":{"loc":{"start":{"line":18,"column":9},"end":{"line":18,"column":56}},"type":"binary-expr","locations":[{"start":{"line":18,"column":9},"end":{"line":18,"column":31}},{"start":{"line":18,"column":35},"end":{"line":18,"column":56}}]},"1":{"loc":{"start":{"line":24,"column":2},"end":{"line":27,"column":3}},"type":"if","locations":[{"start":{"line":24,"column":2},"end":{"line":27,"column":3}},{"start":{},"end":{}}]},"2":{"loc":{"start":{"line":29,"column":2},"end":{"line":32,"column":3}},"type":"if","locations":[{"start":{"line":29,"column":2},"end":{"line":32,"column":3}},{"start":{},"end":{}}]},"3":{"loc":{"start":{"line":29,"column":6},"end":{"line":29,"column":49}},"type":"binary-expr","locations":[{"start":{"line":29,"column":6},"end":{"line":29,"column":32}},{"start":{"line":29,"column":36},"end":{"line":29,"column":49}}]},"4":{"loc":{"start":{"line":34,"column":2},"end":{"line":37,"column":3}},"type":"if","locations":[{"start":{"line":34,"column":2},"end":{"line":37,"column":3}},{"start":{},"end":{}}]},"5":{"loc":{"start":{"line":35,"column":19},"end":{"line":35,"column":57}},"type":"binary-expr","locations":[{"start":{"line":35,"column":19},"end":{"line":35,"column":30}},{"start":{"line":35,"column":34},"end":{"line":35,"column":57}}]},"6":{"loc":{"start":{"line":49,"column":22},"end":{"line":49,"column":81}},"type":"cond-expr","locations":[{"start":{"line":49,"column":47},"end":{"line":49,"column":60}},{"start":{"line":49,"column":63},"end":{"line":49,"column":81}}]}},"s":{"0":9,"1":9,"2":22,"3":22,"4":22,"5":22,"6":22,"7":9,"8":9,"9":13,"10":9,"11":13,"12":13,"13":10,"14":10,"15":3,"16":1,"17":1,"18":2,"19":1,"20":1,"21":1,"22":9,"23":9,"24":9,"25":8,"26":8,"27":3,"28":5,"29":5,"30":9,"31":9,"32":19,"33":14,"34":9},"f":{"0":22,"1":13,"2":13,"3":9,"4":8,"5":19,"6":14},"b":{"0":[13,12],"1":[10,3],"2":[1,2],"3":[3,1],"4":[1,1],"5":[1,0],"6":[4,1]}}
,"G:\\proyecto-incident-dashboard\\incident-api\\src\\middleware\\index.ts": {"path":"G:\\proyecto-incident-dashboard\\incident-api\\src\\middleware\\index.ts","statementMap":{"0":{"start":{"line":3,"column":0},"end":{"line":3,"column":9}},"1":{"start":{"line":3,"column":9},"end":{"line":3,"column":25}},"2":{"start":{"line":3,"column":25},"end":{"line":3,"column":39}},"3":{"start":{"line":3,"column":39},"end":{"line":3,"column":56}},"4":{"start":{"line":3,"column":56},"end":{"line":3,"column":92}},"5":{"start":{"line":5,"column":29},"end":{"line":8,"column":1}},"6":{"start":{"line":6,"column":2},"end":{"line":6,"column":null}},"7":{"start":{"line":7,"column":2},"end":{"line":7,"column":null}},"8":{"start":{"line":5,"column":13},"end":{"line":5,"column":29}},"9":{"start":{"line":10,"column":24},"end":{"line":15,"column":1}},"10":{"start":{"line":11,"column":2},"end":{"line":14,"column":null}},"11":{"start":{"line":10,"column":13},"end":{"line":10,"column":24}}},"fnMap":{"0":{"name":"(anonymous_0)","decl":{"start":{"line":3,"column":9},"end":{"line":3,"column":23}},"loc":{"start":{"line":3,"column":9},"end":{"line":3,"column":25}}},"1":{"name":"(anonymous_1)","decl":{"start":{"line":3,"column":25},"end":{"line":3,"column":37}},"loc":{"start":{"line":3,"column":25},"end":{"line":3,"column":39}}},"2":{"name":"(anonymous_2)","decl":{"start":{"line":3,"column":39},"end":{"line":3,"column":54}},"loc":{"start":{"line":3,"column":39},"end":{"line":3,"column":56}}},"3":{"name":"(anonymous_3)","decl":{"start":{"line":3,"column":56},"end":{"line":3,"column":68}},"loc":{"start":{"line":3,"column":56},"end":{"line":3,"column":92}}},"4":{"name":"(anonymous_4)","decl":{"start":{"line":5,"column":29},"end":{"line":5,"column":30}},"loc":{"start":{"line":5,"column":89},"end":{"line":8,"column":1}}},"5":{"name":"(anonymous_5)","decl":{"start":{"line":10,"column":24},"end":{"line":10,"column":25}},"loc":{"start":{"line":10,"column":63},"end":{"line":15,"column":1}}}},"branchMap":{},"s":{"0":8,"1":23,"2":24,"3":8,"4":11,"5":8,"6":1,"7":1,"8":8,"9":8,"10":1,"11":8},"f":{"0":15,"1":16,"2":0,"3":3,"4":1,"5":1},"b":{}}
,"G:\\proyecto-incident-dashboard\\incident-api\\src\\modules\\index.ts": {"path":"G:\\proyecto-incident-dashboard\\incident-api\\src\\modules\\index.ts","statementMap":{"0":{"start":{"line":1,"column":0},"end":{"line":1,"column":27}},"1":{"start":{"line":2,"column":0},"end":{"line":2,"column":22}}},"fnMap":{},"branchMap":{},"s":{"0":1,"1":1},"f":{},"b":{}}
,"G:\\proyecto-incident-dashboard\\incident-api\\src\\modules\\chat\\chat.controller.ts": {"path":"G:\\proyecto-incident-dashboard\\incident-api\\src\\modules\\chat\\chat.controller.ts","statementMap":{"0":{"start":{"line":2,"column":0},"end":{"line":2,"column":51}},"1":{"start":{"line":3,"column":0},"end":{"line":3,"column":49}},"2":{"start":{"line":4,"column":0},"end":{"line":4,"column":45}},"3":{"start":{"line":6,"column":27},"end":{"line":18,"column":1}},"4":{"start":{"line":7,"column":19},"end":{"line":7,"column":58}},"5":{"start":{"line":8,"column":2},"end":{"line":10,"column":3}},"6":{"start":{"line":9,"column":4},"end":{"line":9,"column":null}},"7":{"start":{"line":12,"column":74},"end":{"line":14,"column":8}},"8":{"start":{"line":16,"column":37},"end":{"line":16,"column":88}},"9":{"start":{"line":17,"column":2},"end":{"line":17,"column":null}},"10":{"start":{"line":6,"column":13},"end":{"line":6,"column":27}}},"fnMap":{"0":{"name":"(anonymous_9)","decl":{"start":{"line":6,"column":27},"end":{"line":6,"column":32}},"loc":{"start":{"line":6,"column":80},"end":{"line":18,"column":1}}}},"branchMap":{"0":{"loc":{"start":{"line":7,"column":26},"end":{"line":7,"column":50}},"type":"binary-expr","locations":[{"start":{"line":7,"column":26},"end":{"line":7,"column":44}},{"start":{"line":7,"column":48},"end":{"line":7,"column":50}}]},"1":{"loc":{"start":{"line":8,"column":2},"end":{"line":10,"column":3}},"type":"if","locations":[{"start":{"line":8,"column":2},"end":{"line":10,"column":3}},{"start":{},"end":{}}]},"2":{"loc":{"start":{"line":12,"column":74},"end":{"line":14,"column":8}},"type":"cond-expr","locations":[{"start":{"line":13,"column":6},"end":{"line":13,"column":22}},{"start":{"line":14,"column":6},"end":{"line":14,"column":8}}]}},"s":{"0":3,"1":3,"2":3,"3":3,"4":6,"5":6,"6":2,"7":4,"8":4,"9":2,"10":3},"f":{"0":6},"b":{"0":[6,1],"1":[2,4],"2":[1,3]}}
,"G:\\proyecto-incident-dashboard\\incident-api\\src\\modules\\chat\\chat.routes.ts": {"path":"G:\\proyecto-incident-dashboard\\incident-api\\src\\modules\\chat\\chat.routes.ts","statementMap":{"0":{"start":{"line":1,"column":0},"end":{"line":1,"column":32}},"1":{"start":{"line":2,"column":0},"end":{"line":2,"column":47}},"2":{"start":{"line":3,"column":0},"end":{"line":3,"column":47}},"3":{"start":{"line":5,"column":15},"end":{"line":5,"column":23}},"4":{"start":{"line":7,"column":0},"end":{"line":7,"column":null}},"5":{"start":{"line":9,"column":0},"end":{"line":9,"column":null}}},"fnMap":{},"branchMap":{},"s":{"0":3,"1":3,"2":3,"3":3,"4":3,"5":3},"f":{},"b":{}}
,"G:\\proyecto-incident-dashboard\\incident-api\\src\\modules\\chat\\chat.service.ts": {"path":"G:\\proyecto-incident-dashboard\\incident-api\\src\\modules\\chat\\chat.service.ts","statementMap":{"0":{"start":{"line":1,"column":0},"end":{"line":1,"column":59}},"1":{"start":{"line":2,"column":0},"end":{"line":2,"column":49}},"2":{"start":{"line":38,"column":29},"end":{"line":71,"column":null}},"3":{"start":{"line":73,"column":22},"end":{"line":80,"column":null}},"4":{"start":{"line":84,"column":17},"end":{"line":100,"column":1}},"5":{"start":{"line":85,"column":19},"end":{"line":92,"column":4}},"6":{"start":{"line":94,"column":2},"end":{"line":97,"column":3}},"7":{"start":{"line":95,"column":22},"end":{"line":95,"column":43}},"8":{"start":{"line":96,"column":4},"end":{"line":96,"column":null}},"9":{"start":{"line":99,"column":2},"end":{"line":99,"column":null}},"10":{"start":{"line":102,"column":25},"end":{"line":117,"column":1}},"11":{"start":{"line":103,"column":47},"end":{"line":103,"column":49}},"12":{"start":{"line":105,"column":2},"end":{"line":105,"column":null}},"13":{"start":{"line":105,"column":22},"end":{"line":105,"column":null}},"14":{"start":{"line":106,"column":2},"end":{"line":106,"column":null}},"15":{"start":{"line":106,"column":24},"end":{"line":106,"column":null}},"16":{"start":{"line":107,"column":2},"end":{"line":107,"column":null}},"17":{"start":{"line":107,"column":24},"end":{"line":107,"column":null}},"18":{"start":{"line":109,"column":2},"end":{"line":114,"column":3}},"19":{"start":{"line":110,"column":58},"end":{"line":110,"column":60}},"20":{"start":{"line":111,"column":4},"end":{"line":111,"column":null}},"21":{"start":{"line":111,"column":26},"end":{"line":111,"column":null}},"22":{"start":{"line":112,"column":4},"end":{"line":112,"column":null}},"23":{"start":{"line":112,"column":24},"end":{"line":112,"column":null}},"24":{"start":{"line":113,"column":4},"end":{"line":113,"column":null}},"25":{"start":{"line":116,"column":2},"end":{"line":116,"column":null}},"26":{"start":{"line":119,"column":34},"end":{"line":137,"column":1}},"27":{"start":{"line":120,"column":22},"end":{"line":120,"column":44}},"28":{"start":{"line":121,"column":20},"end":{"line":121,"column":99}},"29":{"start":{"line":123,"column":2},"end":{"line":125,"column":3}},"30":{"start":{"line":124,"column":4},"end":{"line":124,"column":null}},"31":{"start":{"line":127,"column":15},"end":{"line":134,"column":5}},"32":{"start":{"line":127,"column":37},"end":{"line":134,"column":4}},"33":{"start":{"line":136,"column":2},"end":{"line":136,"column":null}},"34":{"start":{"line":141,"column":30},"end":{"line":199,"column":1}},"35":{"start":{"line":145,"column":17},"end":{"line":145,"column":40}},"36":{"start":{"line":146,"column":16},"end":{"line":146,"column":63}},"37":{"start":{"line":147,"column":21},"end":{"line":147,"column":93}},"38":{"start":{"line":149,"column":2},"end":{"line":151,"column":3}},"39":{"start":{"line":150,"column":4},"end":{"line":150,"column":null}},"40":{"start":{"line":153,"column":33},"end":{"line":157,"column":null}},"41":{"start":{"line":160,"column":24},"end":{"line":163,"column":null}},"42":{"start":{"line":166,"column":23},"end":{"line":166,"column":58}},"43":{"start":{"line":167,"column":19},"end":{"line":167,"column":48}},"44":{"start":{"line":169,"column":2},"end":{"line":171,"column":3}},"45":{"start":{"line":170,"column":4},"end":{"line":170,"column":null}},"46":{"start":{"line":174,"column":19},"end":{"line":174,"column":77}},"47":{"start":{"line":175,"column":21},"end":{"line":175,"column":62}},"48":{"start":{"line":178,"column":25},"end":{"line":189,"column":null}},"49":{"start":{"line":192,"column":17},"end":{"line":192,"column":70}},"50":{"start":{"line":193,"column":2},"end":{"line":195,"column":3}},"51":{"start":{"line":194,"column":4},"end":{"line":194,"column":null}},"52":{"start":{"line":197,"column":25},"end":{"line":197,"column":75}},"53":{"start":{"line":198,"column":2},"end":{"line":198,"column":null}},"54":{"start":{"line":141,"column":13},"end":{"line":141,"column":30}}},"fnMap":{"0":{"name":"(anonymous_0)","decl":{"start":{"line":84,"column":17},"end":{"line":84,"column":22}},"loc":{"start":{"line":84,"column":115},"end":{"line":100,"column":1}}},"1":{"name":"(anonymous_1)","decl":{"start":{"line":102,"column":25},"end":{"line":102,"column":26}},"loc":{"start":{"line":102,"column":79},"end":{"line":117,"column":1}}},"2":{"name":"(anonymous_2)","decl":{"start":{"line":119,"column":34},"end":{"line":119,"column":39}},"loc":{"start":{"line":119,"column":83},"end":{"line":137,"column":1}}},"3":{"name":"(anonymous_3)","decl":{"start":{"line":127,"column":29},"end":{"line":127,"column":30}},"loc":{"start":{"line":127,"column":37},"end":{"line":134,"column":4}}},"4":{"name":"(anonymous_4)","decl":{"start":{"line":141,"column":30},"end":{"line":141,"column":35}},"loc":{"start":{"line":144,"column":73},"end":{"line":199,"column":1}}}},"branchMap":{"0":{"loc":{"start":{"line":94,"column":2},"end":{"line":97,"column":3}},"type":"if","locations":[{"start":{"line":94,"column":2},"end":{"line":97,"column":3}},{"start":{},"end":{}}]},"1":{"loc":{"start":{"line":105,"column":2},"end":{"line":105,"column":null}},"type":"if","locations":[{"start":{"line":105,"column":2},"end":{"line":105,"column":null}},{"start":{},"end":{}}]},"2":{"loc":{"start":{"line":106,"column":2},"end":{"line":106,"column":null}},"type":"if","locations":[{"start":{"line":106,"column":2},"end":{"line":106,"column":null}},{"start":{},"end":{}}]},"3":{"loc":{"start":{"line":107,"column":2},"end":{"line":107,"column":null}},"type":"if","locations":[{"start":{"line":107,"column":2},"end":{"line":107,"column":null}},{"start":{},"end":{}}]},"4":{"loc":{"start":{"line":109,"column":2},"end":{"line":114,"column":3}},"type":"if","locations":[{"start":{"line":109,"column":2},"end":{"line":114,"column":3}},{"start":{},"end":{}}]},"5":{"loc":{"start":{"line":109,"column":6},"end":{"line":109,"column":40}},"type":"binary-expr","locations":[{"start":{"line":109,"column":6},"end":{"line":109,"column":22}},{"start":{"line":109,"column":26},"end":{"line":109,"column":40}}]},"6":{"loc":{"start":{"line":111,"column":4},"end":{"line":111,"column":null}},"type":"if","locations":[{"start":{"line":111,"column":4},"end":{"line":111,"column":null}},{"start":{},"end":{}}]},"7":{"loc":{"start":{"line":112,"column":4},"end":{"line":112,"column":null}},"type":"if","locations":[{"start":{"line":112,"column":4},"end":{"line":112,"column":null}},{"start":{},"end":{}}]},"8":{"loc":{"start":{"line":123,"column":2},"end":{"line":125,"column":3}},"type":"if","locations":[{"start":{"line":123,"column":2},"end":{"line":125,"column":3}},{"start":{},"end":{}}]},"9":{"loc":{"start":{"line":143,"column":2},"end":{"line":143,"column":70}},"type":"default-arg","locations":[{"start":{"line":143,"column":68},"end":{"line":143,"column":70}}]},"10":{"loc":{"start":{"line":146,"column":16},"end":{"line":146,"column":63}},"type":"binary-expr","locations":[{"start":{"line":146,"column":16},"end":{"line":146,"column":37}},{"start":{"line":146,"column":41},"end":{"line":146,"column":63}}]},"11":{"loc":{"start":{"line":147,"column":21},"end":{"line":147,"column":93}},"type":"binary-expr","locations":[{"start":{"line":147,"column":21},"end":{"line":147,"column":45}},{"start":{"line":147,"column":49},"end":{"line":147,"column":93}}]},"12":{"loc":{"start":{"line":149,"column":2},"end":{"line":151,"column":3}},"type":"if","locations":[{"start":{"line":149,"column":2},"end":{"line":151,"column":3}},{"start":{},"end":{}}]},"13":{"loc":{"start":{"line":169,"column":2},"end":{"line":171,"column":3}},"type":"if","locations":[{"start":{"line":169,"column":2},"end":{"line":171,"column":3}},{"start":{},"end":{}}]},"14":{"loc":{"start":{"line":170,"column":21},"end":{"line":170,"column":78}},"type":"binary-expr","locations":[{"start":{"line":170,"column":21},"end":{"line":170,"column":50}},{"start":{"line":170,"column":54},"end":{"line":170,"column":78}}]},"15":{"loc":{"start":{"line":184,"column":38},"end":{"line":184,"column":65}},"type":"binary-expr","locations":[{"start":{"line":184,"column":38},"end":{"line":184,"column":59}},{"start":{"line":184,"column":63},"end":{"line":184,"column":65}}]},"16":{"loc":{"start":{"line":193,"column":2},"end":{"line":195,"column":3}},"type":"if","locations":[{"start":{"line":193,"column":2},"end":{"line":195,"column":3}},{"start":{},"end":{}}]},"17":{"loc":{"start":{"line":197,"column":25},"end":{"line":197,"column":75}},"type":"cond-expr","locations":[{"start":{"line":197,"column":60},"end":{"line":197,"column":68}},{"start":{"line":197,"column":71},"end":{"line":197,"column":75}}]}},"s":{"0":3,"1":3,"2":3,"3":3,"4":3,"5":12,"6":12,"7":1,"8":1,"9":11,"10":3,"11":4,"12":4,"13":1,"14":4,"15":1,"16":4,"17":1,"18":4,"19":1,"20":1,"21":1,"22":1,"23":1,"24":1,"25":4,"26":3,"27":4,"28":4,"29":4,"30":3,"31":1,"32":1,"33":1,"34":3,"35":9,"36":9,"37":9,"38":9,"39":1,"40":8,"41":8,"42":7,"43":7,"44":7,"45":3,"46":4,"47":4,"48":4,"49":4,"50":4,"51":1,"52":3,"53":3,"54":3},"f":{"0":12,"1":4,"2":4,"3":1,"4":9},"b":{"0":[1,11],"1":[1,3],"2":[1,3],"3":[1,3],"4":[1,3],"5":[4,3],"6":[1,0],"7":[1,0],"8":[3,1],"9":[9],"10":[9,1],"11":[9,1],"12":[1,8],"13":[3,4],"14":[3,0],"15":[4,3],"16":[1,3],"17":[2,1]}}
,"G:\\proyecto-incident-dashboard\\incident-api\\src\\modules\\chat\\index.ts": {"path":"G:\\proyecto-incident-dashboard\\incident-api\\src\\modules\\chat\\index.ts","statementMap":{"0":{"start":{"line":1,"column":0},"end":{"line":1,"column":45}},"1":{"start":{"line":2,"column":0},"end":{"line":2,"column":9}},"2":{"start":{"line":2,"column":9},"end":{"line":2,"column":47}},"3":{"start":{"line":3,"column":0},"end":{"line":3,"column":9}},"4":{"start":{"line":3,"column":9},"end":{"line":3,"column":30}}},"fnMap":{"0":{"name":"(anonymous_10)","decl":{"start":{"line":2,"column":9},"end":{"line":2,"column":20}},"loc":{"start":{"line":2,"column":9},"end":{"line":2,"column":47}}},"1":{"name":"(anonymous_11)","decl":{"start":{"line":3,"column":9},"end":{"line":3,"column":16}},"loc":{"start":{"line":3,"column":9},"end":{"line":3,"column":30}}}},"branchMap":{},"s":{"0":2,"1":2,"2":4,"3":2,"4":4},"f":{"0":2,"1":2},"b":{}}
,"G:\\proyecto-incident-dashboard\\incident-api\\src\\modules\\incidents\\incident.controller.ts": {"path":"G:\\proyecto-incident-dashboard\\incident-api\\src\\modules\\incidents\\incident.controller.ts","statementMap":{"0":{"start":{"line":2,"column":0},"end":{"line":2,"column":53}},"1":{"start":{"line":3,"column":0},"end":{"line":3,"column":51}},"2":{"start":{"line":5,"column":28},"end":{"line":8,"column":1}},"3":{"start":{"line":6,"column":20},"end":{"line":6,"column":59}},"4":{"start":{"line":7,"column":2},"end":{"line":7,"column":null}},"5":{"start":{"line":5,"column":13},"end":{"line":5,"column":28}},"6":{"start":{"line":10,"column":31},"end":{"line":14,"column":1}},"7":{"start":{"line":11,"column":13},"end":{"line":11,"column":76}},"8":{"start":{"line":12,"column":19},"end":{"line":12,"column":60}},"9":{"start":{"line":13,"column":2},"end":{"line":13,"column":null}},"10":{"start":{"line":10,"column":13},"end":{"line":10,"column":31}},"11":{"start":{"line":16,"column":30},"end":{"line":19,"column":1}},"12":{"start":{"line":17,"column":19},"end":{"line":17,"column":65}},"13":{"start":{"line":18,"column":2},"end":{"line":18,"column":null}},"14":{"start":{"line":16,"column":13},"end":{"line":16,"column":30}},"15":{"start":{"line":21,"column":30},"end":{"line":25,"column":1}},"16":{"start":{"line":22,"column":13},"end":{"line":22,"column":76}},"17":{"start":{"line":23,"column":19},"end":{"line":23,"column":69}},"18":{"start":{"line":24,"column":2},"end":{"line":24,"column":null}},"19":{"start":{"line":21,"column":13},"end":{"line":21,"column":30}},"20":{"start":{"line":27,"column":30},"end":{"line":31,"column":1}},"21":{"start":{"line":28,"column":13},"end":{"line":28,"column":76}},"22":{"start":{"line":29,"column":2},"end":{"line":29,"column":null}},"23":{"start":{"line":30,"column":2},"end":{"line":30,"column":null}},"24":{"start":{"line":27,"column":13},"end":{"line":27,"column":30}}},"fnMap":{"0":{"name":"(anonymous_9)","decl":{"start":{"line":5,"column":28},"end":{"line":5,"column":33}},"loc":{"start":{"line":5,"column":82},"end":{"line":8,"column":1}}},"1":{"name":"(anonymous_10)","decl":{"start":{"line":10,"column":31},"end":{"line":10,"column":36}},"loc":{"start":{"line":10,"column":84},"end":{"line":14,"column":1}}},"2":{"name":"(anonymous_11)","decl":{"start":{"line":16,"column":30},"end":{"line":16,"column":35}},"loc":{"start":{"line":16,"column":83},"end":{"line":19,"column":1}}},"3":{"name":"(anonymous_12)","decl":{"start":{"line":21,"column":30},"end":{"line":21,"column":35}},"loc":{"start":{"line":21,"column":83},"end":{"line":25,"column":1}}},"4":{"name":"(anonymous_13)","decl":{"start":{"line":27,"column":30},"end":{"line":27,"column":35}},"loc":{"start":{"line":27,"column":83},"end":{"line":31,"column":1}}}},"branchMap":{"0":{"loc":{"start":{"line":11,"column":13},"end":{"line":11,"column":76}},"type":"cond-expr","locations":[{"start":{"line":11,"column":44},"end":{"line":11,"column":60}},{"start":{"line":11,"column":63},"end":{"line":11,"column":76}}]},"1":{"loc":{"start":{"line":22,"column":13},"end":{"line":22,"column":76}},"type":"cond-expr","locations":[{"start":{"line":22,"column":44},"end":{"line":22,"column":60}},{"start":{"line":22,"column":63},"end":{"line":22,"column":76}}]},"2":{"loc":{"start":{"line":28,"column":13},"end":{"line":28,"column":76}},"type":"cond-expr","locations":[{"start":{"line":28,"column":44},"end":{"line":28,"column":60}},{"start":{"line":28,"column":63},"end":{"line":28,"column":76}}]}},"s":{"0":3,"1":3,"2":3,"3":1,"4":1,"5":3,"6":3,"7":2,"8":2,"9":1,"10":3,"11":3,"12":1,"13":1,"14":3,"15":3,"16":1,"17":1,"18":1,"19":3,"20":3,"21":2,"22":2,"23":1,"24":3},"f":{"0":1,"1":2,"2":1,"3":1,"4":2},"b":{"0":[0,2],"1":[0,1],"2":[0,2]}}
,"G:\\proyecto-incident-dashboard\\incident-api\\src\\modules\\incidents\\incident.model.ts": {"path":"G:\\proyecto-incident-dashboard\\incident-api\\src\\modules\\incidents\\incident.model.ts","statementMap":{"0":{"start":{"line":1,"column":0},"end":{"line":1,"column":40}},"1":{"start":{"line":4,"column":23},"end":{"line":24,"column":null}},"2":{"start":{"line":18,"column":8},"end":{"line":18,"column":null}},"3":{"start":{"line":19,"column":8},"end":{"line":19,"column":null}},"4":{"start":{"line":20,"column":8},"end":{"line":20,"column":null}},"5":{"start":{"line":21,"column":8},"end":{"line":21,"column":null}},"6":{"start":{"line":27,"column":13},"end":{"line":27,"column":null}}},"fnMap":{"0":{"name":"(anonymous_0)","decl":{"start":{"line":17,"column":17},"end":{"line":17,"column":18}},"loc":{"start":{"line":17,"column":56},"end":{"line":22,"column":7}}}},"branchMap":{},"s":{"0":4,"1":4,"2":1,"3":1,"4":1,"5":1,"6":4},"f":{"0":1},"b":{}}
,"G:\\proyecto-incident-dashboard\\incident-api\\src\\modules\\incidents\\incident.routes.ts": {"path":"G:\\proyecto-incident-dashboard\\incident-api\\src\\modules\\incidents\\incident.routes.ts","statementMap":{"0":{"start":{"line":1,"column":0},"end":{"line":1,"column":32}},"1":{"start":{"line":2,"column":0},"end":{"line":2,"column":117}},"2":{"start":{"line":3,"column":0},"end":{"line":3,"column":77}},"3":{"start":{"line":4,"column":0},"end":{"line":4,"column":91}},"4":{"start":{"line":6,"column":15},"end":{"line":6,"column":23}},"5":{"start":{"line":8,"column":0},"end":{"line":8,"column":null}},"6":{"start":{"line":9,"column":0},"end":{"line":9,"column":null}},"7":{"start":{"line":10,"column":0},"end":{"line":10,"column":null}},"8":{"start":{"line":11,"column":0},"end":{"line":11,"column":null}},"9":{"start":{"line":12,"column":0},"end":{"line":12,"column":null}},"10":{"start":{"line":14,"column":0},"end":{"line":14,"column":null}}},"fnMap":{},"branchMap":{},"s":{"0":3,"1":3,"2":3,"3":3,"4":3,"5":3,"6":3,"7":3,"8":3,"9":3,"10":3},"f":{},"b":{}}
,"G:\\proyecto-incident-dashboard\\incident-api\\src\\modules\\incidents\\incident.service.ts": {"path":"G:\\proyecto-incident-dashboard\\incident-api\\src\\modules\\incidents\\incident.service.ts","statementMap":{"0":{"start":{"line":2,"column":0},"end":{"line":2,"column":48}},"1":{"start":{"line":3,"column":0},"end":{"line":3,"column":49}},"2":{"start":{"line":5,"column":31},"end":{"line":7,"column":1}},"3":{"start":{"line":6,"column":2},"end":{"line":6,"column":null}},"4":{"start":{"line":5,"column":13},"end":{"line":5,"column":31}},"5":{"start":{"line":9,"column":31},"end":{"line":15,"column":1}},"6":{"start":{"line":10,"column":19},"end":{"line":10,"column":51}},"7":{"start":{"line":11,"column":2},"end":{"line":13,"column":3}},"8":{"start":{"line":12,"column":4},"end":{"line":12,"column":null}},"9":{"start":{"line":14,"column":2},"end":{"line":14,"column":null}},"10":{"start":{"line":9,"column":13},"end":{"line":9,"column":31}},"11":{"start":{"line":17,"column":30},"end":{"line":38,"column":1}},"12":{"start":{"line":23,"column":2},"end":{"line":37,"column":3}},"13":{"start":{"line":24,"column":21},"end":{"line":30,"column":6}},"14":{"start":{"line":31,"column":4},"end":{"line":31,"column":null}},"15":{"start":{"line":33,"column":4},"end":{"line":35,"column":5}},"16":{"start":{"line":34,"column":6},"end":{"line":34,"column":null}},"17":{"start":{"line":36,"column":4},"end":{"line":36,"column":null}},"18":{"start":{"line":17,"column":13},"end":{"line":17,"column":30}},"19":{"start":{"line":40,"column":30},"end":{"line":59,"column":1}},"20":{"start":{"line":41,"column":2},"end":{"line":58,"column":3}},"21":{"start":{"line":42,"column":21},"end":{"line":45,"column":6}},"22":{"start":{"line":46,"column":4},"end":{"line":48,"column":5}},"23":{"start":{"line":47,"column":6},"end":{"line":47,"column":null}},"24":{"start":{"line":49,"column":4},"end":{"line":49,"column":null}},"25":{"start":{"line":51,"column":4},"end":{"line":53,"column":5}},"26":{"start":{"line":52,"column":6},"end":{"line":52,"column":null}},"27":{"start":{"line":54,"column":4},"end":{"line":56,"column":5}},"28":{"start":{"line":55,"column":6},"end":{"line":55,"column":null}},"29":{"start":{"line":57,"column":4},"end":{"line":57,"column":null}},"30":{"start":{"line":40,"column":13},"end":{"line":40,"column":30}},"31":{"start":{"line":61,"column":30},"end":{"line":66,"column":1}},"32":{"start":{"line":62,"column":19},"end":{"line":62,"column":60}},"33":{"start":{"line":63,"column":2},"end":{"line":65,"column":3}},"34":{"start":{"line":64,"column":4},"end":{"line":64,"column":null}},"35":{"start":{"line":61,"column":13},"end":{"line":61,"column":30}}},"fnMap":{"0":{"name":"(anonymous_0)","decl":{"start":{"line":5,"column":31},"end":{"line":5,"column":36}},"loc":{"start":{"line":5,"column":63},"end":{"line":7,"column":1}}},"1":{"name":"(anonymous_1)","decl":{"start":{"line":9,"column":31},"end":{"line":9,"column":36}},"loc":{"start":{"line":9,"column":71},"end":{"line":15,"column":1}}},"2":{"name":"(anonymous_2)","decl":{"start":{"line":17,"column":30},"end":{"line":17,"column":35}},"loc":{"start":{"line":22,"column":24},"end":{"line":38,"column":1}}},"3":{"name":"(anonymous_3)","decl":{"start":{"line":40,"column":30},"end":{"line":40,"column":35}},"loc":{"start":{"line":40,"column":97},"end":{"line":59,"column":1}}},"4":{"name":"(anonymous_4)","decl":{"start":{"line":61,"column":30},"end":{"line":61,"column":35}},"loc":{"start":{"line":61,"column":66},"end":{"line":66,"column":1}}}},"branchMap":{"0":{"loc":{"start":{"line":11,"column":2},"end":{"line":13,"column":3}},"type":"if","locations":[{"start":{"line":11,"column":2},"end":{"line":13,"column":3}},{"start":{},"end":{}}]},"1":{"loc":{"start":{"line":33,"column":4},"end":{"line":35,"column":5}},"type":"if","locations":[{"start":{"line":33,"column":4},"end":{"line":35,"column":5}},{"start":{},"end":{}}]},"2":{"loc":{"start":{"line":46,"column":4},"end":{"line":48,"column":5}},"type":"if","locations":[{"start":{"line":46,"column":4},"end":{"line":48,"column":5}},{"start":{},"end":{}}]},"3":{"loc":{"start":{"line":51,"column":4},"end":{"line":53,"column":5}},"type":"if","locations":[{"start":{"line":51,"column":4},"end":{"line":53,"column":5}},{"start":{},"end":{}}]},"4":{"loc":{"start":{"line":51,"column":8},"end":{"line":51,"column":55}},"type":"binary-expr","locations":[{"start":{"line":51,"column":8},"end":{"line":51,"column":30}},{"start":{"line":51,"column":34},"end":{"line":51,"column":55}}]},"5":{"loc":{"start":{"line":54,"column":4},"end":{"line":56,"column":5}},"type":"if","locations":[{"start":{"line":54,"column":4},"end":{"line":56,"column":5}},{"start":{},"end":{}}]},"6":{"loc":{"start":{"line":63,"column":2},"end":{"line":65,"column":3}},"type":"if","locations":[{"start":{"line":63,"column":2},"end":{"line":65,"column":3}},{"start":{},"end":{}}]}},"s":{"0":3,"1":3,"2":3,"3":1,"4":3,"5":3,"6":2,"7":2,"8":1,"9":1,"10":3,"11":3,"12":3,"13":3,"14":3,"15":2,"16":1,"17":1,"18":3,"19":3,"20":5,"21":5,"22":2,"23":1,"24":1,"25":4,"26":2,"27":2,"28":1,"29":1,"30":3,"31":3,"32":2,"33":2,"34":1,"35":3},"f":{"0":1,"1":2,"2":3,"3":5,"4":2},"b":{"0":[1,1],"1":[1,1],"2":[1,1],"3":[2,2],"4":[4,3],"5":[1,1],"6":[1,1]}}
,"G:\\proyecto-incident-dashboard\\incident-api\\src\\modules\\incidents\\index.ts": {"path":"G:\\proyecto-incident-dashboard\\incident-api\\src\\modules\\incidents\\index.ts","statementMap":{"0":{"start":{"line":1,"column":0},"end":{"line":1,"column":9}},"1":{"start":{"line":1,"column":9},"end":{"line":1,"column":48}},"2":{"start":{"line":3,"column":0},"end":{"line":3,"column":53}},"3":{"start":{"line":4,"column":0},"end":{"line":4,"column":9}},"4":{"start":{"line":4,"column":9},"end":{"line":4,"column":23}},"5":{"start":{"line":4,"column":23},"end":{"line":4,"column":40}},"6":{"start":{"line":4,"column":40},"end":{"line":4,"column":56}},"7":{"start":{"line":4,"column":56},"end":{"line":4,"column":72}},"8":{"start":{"line":4,"column":72},"end":{"line":4,"column":117}},"9":{"start":{"line":5,"column":0},"end":{"line":5,"column":9}},"10":{"start":{"line":5,"column":9},"end":{"line":5,"column":34}}},"fnMap":{"0":{"name":"(anonymous_10)","decl":{"start":{"line":1,"column":9},"end":{"line":1,"column":22}},"loc":{"start":{"line":1,"column":9},"end":{"line":1,"column":48}}},"1":{"name":"(anonymous_11)","decl":{"start":{"line":4,"column":9},"end":{"line":4,"column":21}},"loc":{"start":{"line":4,"column":9},"end":{"line":4,"column":23}}},"2":{"name":"(anonymous_12)","decl":{"start":{"line":4,"column":23},"end":{"line":4,"column":38}},"loc":{"start":{"line":4,"column":23},"end":{"line":4,"column":40}}},"3":{"name":"(anonymous_13)","decl":{"start":{"line":4,"column":40},"end":{"line":4,"column":54}},"loc":{"start":{"line":4,"column":40},"end":{"line":4,"column":56}}},"4":{"name":"(anonymous_14)","decl":{"start":{"line":4,"column":56},"end":{"line":4,"column":70}},"loc":{"start":{"line":4,"column":56},"end":{"line":4,"column":72}}},"5":{"name":"(anonymous_15)","decl":{"start":{"line":4,"column":72},"end":{"line":4,"column":86}},"loc":{"start":{"line":4,"column":72},"end":{"line":4,"column":117}}},"6":{"name":"(anonymous_16)","decl":{"start":{"line":5,"column":9},"end":{"line":5,"column":16}},"loc":{"start":{"line":5,"column":9},"end":{"line":5,"column":34}}}},"branchMap":{},"s":{"0":2,"1":3,"2":2,"3":2,"4":4,"5":2,"6":3,"7":3,"8":2,"9":2,"10":4},"f":{"0":1,"1":2,"2":0,"3":1,"4":1,"5":0,"6":2},"b":{}}
,"G:\\proyecto-incident-dashboard\\incident-api\\src\\modules\\incidents\\dtos\\create-incident.dto.ts": {"path":"G:\\proyecto-incident-dashboard\\incident-api\\src\\modules\\incidents\\dtos\\create-incident.dto.ts","statementMap":{"0":{"start":{"line":10,"column":38},"end":{"line":35,"column":1}},"1":{"start":{"line":11,"column":14},"end":{"line":11,"column":45}},"2":{"start":{"line":13,"column":2},"end":{"line":15,"column":3}},"3":{"start":{"line":14,"column":4},"end":{"line":14,"column":null}},"4":{"start":{"line":17,"column":2},"end":{"line":19,"column":3}},"5":{"start":{"line":18,"column":4},"end":{"line":18,"column":null}},"6":{"start":{"line":21,"column":2},"end":{"line":23,"column":3}},"7":{"start":{"line":22,"column":4},"end":{"line":22,"column":null}},"8":{"start":{"line":25,"column":2},"end":{"line":27,"column":3}},"9":{"start":{"line":26,"column":4},"end":{"line":26,"column":null}},"10":{"start":{"line":29,"column":2},"end":{"line":34,"column":null}},"11":{"start":{"line":10,"column":13},"end":{"line":10,"column":38}},"12":{"start":{"line":37,"column":38},"end":{"line":81,"column":1}},"13":{"start":{"line":38,"column":14},"end":{"line":38,"column":45}},"14":{"start":{"line":39,"column":43},"end":{"line":39,"column":45}},"15":{"start":{"line":41,"column":2},"end":{"line":46,"column":3}},"16":{"start":{"line":42,"column":4},"end":{"line":44,"column":5}},"17":{"start":{"line":43,"column":6},"end":{"line":43,"column":null}},"18":{"start":{"line":45,"column":4},"end":{"line":45,"column":null}},"19":{"start":{"line":48,"column":2},"end":{"line":53,"column":3}},"20":{"start":{"line":49,"column":4},"end":{"line":51,"column":5}},"21":{"start":{"line":50,"column":6},"end":{"line":50,"column":null}},"22":{"start":{"line":52,"column":4},"end":{"line":52,"column":null}},"23":{"start":{"line":55,"column":2},"end":{"line":60,"column":3}},"24":{"start":{"line":56,"column":4},"end":{"line":58,"column":5}},"25":{"start":{"line":57,"column":6},"end":{"line":57,"column":null}},"26":{"start":{"line":59,"column":4},"end":{"line":59,"column":null}},"27":{"start":{"line":62,"column":2},"end":{"line":67,"column":3}},"28":{"start":{"line":63,"column":4},"end":{"line":65,"column":5}},"29":{"start":{"line":64,"column":6},"end":{"line":64,"column":null}},"30":{"start":{"line":66,"column":4},"end":{"line":66,"column":null}},"31":{"start":{"line":69,"column":2},"end":{"line":74,"column":3}},"32":{"start":{"line":70,"column":4},"end":{"line":72,"column":5}},"33":{"start":{"line":71,"column":6},"end":{"line":71,"column":null}},"34":{"start":{"line":73,"column":4},"end":{"line":73,"column":null}},"35":{"start":{"line":76,"column":2},"end":{"line":78,"column":3}},"36":{"start":{"line":77,"column":4},"end":{"line":77,"column":null}},"37":{"start":{"line":80,"column":2},"end":{"line":80,"column":null}},"38":{"start":{"line":37,"column":13},"end":{"line":37,"column":38}}},"fnMap":{"0":{"name":"(anonymous_0)","decl":{"start":{"line":10,"column":38},"end":{"line":10,"column":39}},"loc":{"start":{"line":10,"column":75},"end":{"line":35,"column":1}}},"1":{"name":"(anonymous_1)","decl":{"start":{"line":37,"column":38},"end":{"line":37,"column":39}},"loc":{"start":{"line":37,"column":81},"end":{"line":81,"column":1}}}},"branchMap":{"0":{"loc":{"start":{"line":13,"column":2},"end":{"line":15,"column":3}},"type":"if","locations":[{"start":{"line":13,"column":2},"end":{"line":15,"column":3}},{"start":{},"end":{}}]},"1":{"loc":{"start":{"line":13,"column":6},"end":{"line":13,"column":62}},"type":"binary-expr","locations":[{"start":{"line":13,"column":6},"end":{"line":13,"column":35}},{"start":{"line":13,"column":39},"end":{"line":13,"column":62}}]},"2":{"loc":{"start":{"line":17,"column":2},"end":{"line":19,"column":3}},"type":"if","locations":[{"start":{"line":17,"column":2},"end":{"line":19,"column":3}},{"start":{},"end":{}}]},"3":{"loc":{"start":{"line":17,"column":6},"end":{"line":17,"column":74}},"type":"binary-expr","locations":[{"start":{"line":17,"column":6},"end":{"line":17,"column":41}},{"start":{"line":17,"column":45},"end":{"line":17,"column":74}}]},"4":{"loc":{"start":{"line":21,"column":2},"end":{"line":23,"column":3}},"type":"if","locations":[{"start":{"line":21,"column":2},"end":{"line":23,"column":3}},{"start":{},"end":{}}]},"5":{"loc":{"start":{"line":25,"column":2},"end":{"line":27,"column":3}},"type":"if","locations":[{"start":{"line":25,"column":2},"end":{"line":27,"column":3}},{"start":{},"end":{}}]},"6":{"loc":{"start":{"line":25,"column":6},"end":{"line":25,"column":68}},"type":"binary-expr","locations":[{"start":{"line":25,"column":6},"end":{"line":25,"column":38}},{"start":{"line":25,"column":42},"end":{"line":25,"column":68}}]},"7":{"loc":{"start":{"line":41,"column":2},"end":{"line":46,"column":3}},"type":"if","locations":[{"start":{"line":41,"column":2},"end":{"line":46,"column":3}},{"start":{},"end":{}}]},"8":{"loc":{"start":{"line":41,"column":6},"end":{"line":41,"column":47}},"type":"binary-expr","locations":[{"start":{"line":41,"column":6},"end":{"line":41,"column":20}},{"start":{"line":41,"column":24},"end":{"line":41,"column":47}}]},"9":{"loc":{"start":{"line":42,"column":4},"end":{"line":44,"column":5}},"type":"if","locations":[{"start":{"line":42,"column":4},"end":{"line":44,"column":5}},{"start":{},"end":{}}]},"10":{"loc":{"start":{"line":42,"column":8},"end":{"line":42,"column":75}},"type":"binary-expr","locations":[{"start":{"line":42,"column":8},"end":{"line":42,"column":37}},{"start":{"line":42,"column":41},"end":{"line":42,"column":75}}]},"11":{"loc":{"start":{"line":48,"column":2},"end":{"line":53,"column":3}},"type":"if","locations":[{"start":{"line":48,"column":2},"end":{"line":53,"column":3}},{"start":{},"end":{}}]},"12":{"loc":{"start":{"line":48,"column":6},"end":{"line":48,"column":59}},"type":"binary-expr","locations":[{"start":{"line":48,"column":6},"end":{"line":48,"column":26}},{"start":{"line":48,"column":30},"end":{"line":48,"column":59}}]},"13":{"loc":{"start":{"line":49,"column":4},"end":{"line":51,"column":5}},"type":"if","locations":[{"start":{"line":49,"column":4},"end":{"line":51,"column":5}},{"start":{},"end":{}}]},"14":{"loc":{"start":{"line":49,"column":8},"end":{"line":49,"column":87}},"type":"binary-expr","locations":[{"start":{"line":49,"column":8},"end":{"line":49,"column":43}},{"start":{"line":49,"column":47},"end":{"line":49,"column":87}}]},"15":{"loc":{"start":{"line":55,"column":2},"end":{"line":60,"column":3}},"type":"if","locations":[{"start":{"line":55,"column":2},"end":{"line":60,"column":3}},{"start":{},"end":{}}]},"16":{"loc":{"start":{"line":55,"column":6},"end":{"line":55,"column":49}},"type":"binary-expr","locations":[{"start":{"line":55,"column":6},"end":{"line":55,"column":21}},{"start":{"line":55,"column":25},"end":{"line":55,"column":49}}]},"17":{"loc":{"start":{"line":56,"column":4},"end":{"line":58,"column":5}},"type":"if","locations":[{"start":{"line":56,"column":4},"end":{"line":58,"column":5}},{"start":{},"end":{}}]},"18":{"loc":{"start":{"line":62,"column":2},"end":{"line":67,"column":3}},"type":"if","locations":[{"start":{"line":62,"column":2},"end":{"line":67,"column":3}},{"start":{},"end":{}}]},"19":{"loc":{"start":{"line":62,"column":6},"end":{"line":62,"column":53}},"type":"binary-expr","locations":[{"start":{"line":62,"column":6},"end":{"line":62,"column":23}},{"start":{"line":62,"column":27},"end":{"line":62,"column":53}}]},"20":{"loc":{"start":{"line":63,"column":4},"end":{"line":65,"column":5}},"type":"if","locations":[{"start":{"line":63,"column":4},"end":{"line":65,"column":5}},{"start":{},"end":{}}]},"21":{"loc":{"start":{"line":69,"column":2},"end":{"line":74,"column":3}},"type":"if","locations":[{"start":{"line":69,"column":2},"end":{"line":74,"column":3}},{"start":{},"end":{}}]},"22":{"loc":{"start":{"line":69,"column":6},"end":{"line":69,"column":53}},"type":"binary-expr","locations":[{"start":{"line":69,"column":6},"end":{"line":69,"column":23}},{"start":{"line":69,"column":27},"end":{"line":69,"column":53}}]},"23":{"loc":{"start":{"line":70,"column":4},"end":{"line":72,"column":5}},"type":"if","locations":[{"start":{"line":70,"column":4},"end":{"line":72,"column":5}},{"start":{},"end":{}}]},"24":{"loc":{"start":{"line":70,"column":8},"end":{"line":70,"column":81}},"type":"binary-expr","locations":[{"start":{"line":70,"column":8},"end":{"line":70,"column":40}},{"start":{"line":70,"column":44},"end":{"line":70,"column":81}}]},"25":{"loc":{"start":{"line":76,"column":2},"end":{"line":78,"column":3}},"type":"if","locations":[{"start":{"line":76,"column":2},"end":{"line":78,"column":3}},{"start":{},"end":{}}]}},"s":{"0":4,"1":7,"2":7,"3":2,"4":5,"5":1,"6":4,"7":1,"8":3,"9":1,"10":2,"11":4,"12":4,"13":11,"14":11,"15":11,"16":2,"17":1,"18":1,"19":10,"20":3,"21":1,"22":2,"23":9,"24":4,"25":1,"26":3,"27":8,"28":2,"29":1,"30":1,"31":7,"32":3,"33":1,"34":2,"35":6,"36":2,"37":4,"38":4},"f":{"0":7,"1":11},"b":{"0":[2,5],"1":[7,6],"2":[1,4],"3":[5,5],"4":[1,3],"5":[1,2],"6":[3,3],"7":[2,9],"8":[11,2],"9":[1,1],"10":[2,2],"11":[3,7],"12":[10,3],"13":[1,2],"14":[3,2],"15":[4,5],"16":[9,4],"17":[1,3],"18":[2,6],"19":[8,2],"20":[1,1],"21":[3,4],"22":[7,3],"23":[1,2],"24":[3,3],"25":[2,4]}}
,"G:\\proyecto-incident-dashboard\\incident-api\\src\\utils\\responses.ts": {"path":"G:\\proyecto-incident-dashboard\\incident-api\\src\\utils\\responses.ts","statementMap":{"0":{"start":{"line":4,"column":27},"end":{"line":11,"column":1}},"1":{"start":{"line":5,"column":35},"end":{"line":9,"column":null}},"2":{"start":{"line":10,"column":2},"end":{"line":10,"column":null}},"3":{"start":{"line":4,"column":13},"end":{"line":4,"column":27}},"4":{"start":{"line":13,"column":25},"end":{"line":22,"column":1}},"5":{"start":{"line":14,"column":32},"end":{"line":17,"column":null}},"6":{"start":{"line":18,"column":2},"end":{"line":20,"column":3}},"7":{"start":{"line":19,"column":4},"end":{"line":19,"column":null}},"8":{"start":{"line":21,"column":2},"end":{"line":21,"column":null}},"9":{"start":{"line":13,"column":13},"end":{"line":13,"column":25}},"10":{"start":{"line":24,"column":37},"end":{"line":40,"column":1}},"11":{"start":{"line":32,"column":41},"end":{"line":38,"column":null}},"12":{"start":{"line":39,"column":2},"end":{"line":39,"column":null}},"13":{"start":{"line":24,"column":13},"end":{"line":24,"column":37}}},"fnMap":{"0":{"name":"(anonymous_0)","decl":{"start":{"line":4,"column":27},"end":{"line":4,"column":31}},"loc":{"start":{"line":4,"column":102},"end":{"line":11,"column":1}}},"1":{"name":"(anonymous_1)","decl":{"start":{"line":13,"column":25},"end":{"line":13,"column":26}},"loc":{"start":{"line":13,"column":103},"end":{"line":22,"column":1}}},"2":{"name":"(anonymous_2)","decl":{"start":{"line":24,"column":37},"end":{"line":24,"column":null}},"loc":{"start":{"line":31,"column":10},"end":{"line":40,"column":1}}}},"branchMap":{"0":{"loc":{"start":{"line":4,"column":55},"end":{"line":4,"column":74}},"type":"default-arg","locations":[{"start":{"line":4,"column":65},"end":{"line":4,"column":74}}]},"1":{"loc":{"start":{"line":4,"column":76},"end":{"line":4,"column":92}},"type":"default-arg","locations":[{"start":{"line":4,"column":89},"end":{"line":4,"column":92}}]},"2":{"loc":{"start":{"line":13,"column":58},"end":{"line":13,"column":74}},"type":"default-arg","locations":[{"start":{"line":13,"column":71},"end":{"line":13,"column":74}}]},"3":{"loc":{"start":{"line":18,"column":2},"end":{"line":20,"column":3}},"type":"if","locations":[{"start":{"line":18,"column":2},"end":{"line":20,"column":3}},{"start":{},"end":{}}]},"4":{"loc":{"start":{"line":30,"column":2},"end":{"line":30,"column":18}},"type":"default-arg","locations":[{"start":{"line":30,"column":15},"end":{"line":30,"column":18}}]}},"s":{"0":10,"1":8,"2":8,"3":10,"4":10,"5":15,"6":15,"7":2,"8":15,"9":10,"10":10,"11":1,"12":1,"13":10},"f":{"0":8,"1":15,"2":1},"b":{"0":[0],"1":[5],"2":[1],"3":[2,13],"4":[1]}}
}
