TN:
SF:src\config\db.ts
FN:3,(anonymous_1)
FNF:1
FNH:1
FNDA:2,(anonymous_1)
DA:1,1
DA:3,1
DA:4,2
DA:6,2
DA:7,1
DA:10,1
DA:11,1
LF:7
LH:7
BRDA:6,0,0,1
BRDA:6,0,1,1
BRF:2
BRH:2
end_of_record
TN:
SF:src\middleware\errorHandler.ts
FN:9,(anonymous_0)
FN:17,(anonymous_1)
FN:21,(anonymous_2)
FN:43,(anonymous_3)
FN:44,(anonymous_4)
FN:55,(anonymous_5)
FN:56,(anonymous_6)
FNF:7
FNH:7
FNDA:22,(anonymous_0)
FNDA:13,(anonymous_1)
FNDA:13,(anonymous_2)
FNDA:9,(anonymous_3)
FNDA:8,(anonymous_4)
FNDA:19,(anonymous_5)
FNDA:14,(anonymous_6)
DA:2,9
DA:9,9
DA:10,22
DA:11,22
DA:12,22
DA:13,22
DA:14,22
DA:17,9
DA:18,13
DA:21,9
DA:22,13
DA:24,13
DA:25,10
DA:26,10
DA:29,3
DA:30,1
DA:31,1
DA:34,2
DA:35,1
DA:36,1
DA:39,1
DA:42,9
DA:43,9
DA:44,9
DA:45,8
DA:46,8
DA:47,3
DA:49,5
DA:50,5
DA:54,9
DA:55,9
DA:56,19
DA:57,14
LF:33
LH:33
BRDA:18,0,0,13
BRDA:18,0,1,12
BRDA:24,1,0,10
BRDA:24,1,1,3
BRDA:29,2,0,1
BRDA:29,2,1,2
BRDA:29,3,0,3
BRDA:29,3,1,1
BRDA:34,4,0,1
BRDA:34,4,1,1
BRDA:35,5,0,1
BRDA:35,5,1,0
BRDA:49,6,0,4
BRDA:49,6,1,1
BRF:14
BRH:13
end_of_record
TN:
SF:src\middleware\index.ts
FN:3,(anonymous_0)
FN:3,(anonymous_1)
FN:3,(anonymous_2)
FN:3,(anonymous_3)
FN:5,(anonymous_4)
FN:10,(anonymous_5)
FNF:6
FNH:5
FNDA:15,(anonymous_0)
FNDA:16,(anonymous_1)
FNDA:0,(anonymous_2)
FNDA:3,(anonymous_3)
FNDA:1,(anonymous_4)
FNDA:1,(anonymous_5)
DA:3,24
DA:5,8
DA:6,1
DA:7,1
DA:10,8
DA:11,1
LF:6
LH:6
BRF:0
BRH:0
end_of_record
TN:
SF:src\modules\index.ts
FNF:0
FNH:0
DA:1,1
DA:2,1
LF:2
LH:2
BRF:0
BRH:0
end_of_record
TN:
SF:src\modules\chat\chat.controller.ts
FN:6,(anonymous_9)
FNF:1
FNH:1
FNDA:6,(anonymous_9)
DA:2,3
DA:3,3
DA:4,3
DA:6,3
DA:7,6
DA:8,6
DA:9,2
DA:12,4
DA:16,4
DA:17,2
LF:10
LH:10
BRDA:7,0,0,6
BRDA:7,0,1,1
BRDA:8,1,0,2
BRDA:8,1,1,4
BRDA:12,2,0,1
BRDA:12,2,1,3
BRF:6
BRH:6
end_of_record
TN:
SF:src\modules\chat\chat.routes.ts
FNF:0
FNH:0
DA:1,3
DA:2,3
DA:3,3
DA:5,3
DA:7,3
DA:9,3
LF:6
LH:6
BRF:0
BRH:0
end_of_record
TN:
SF:src\modules\chat\chat.service.ts
FN:84,(anonymous_0)
FN:102,(anonymous_1)
FN:119,(anonymous_2)
FN:127,(anonymous_3)
FN:141,(anonymous_4)
FNF:5
FNH:5
FNDA:12,(anonymous_0)
FNDA:4,(anonymous_1)
FNDA:4,(anonymous_2)
FNDA:1,(anonymous_3)
FNDA:9,(anonymous_4)
DA:1,3
DA:2,3
DA:38,3
DA:73,3
DA:84,3
DA:85,12
DA:94,12
DA:95,1
DA:96,1
DA:99,11
DA:102,3
DA:103,4
DA:105,4
DA:106,4
DA:107,4
DA:109,4
DA:110,1
DA:111,1
DA:112,1
DA:113,1
DA:116,4
DA:119,3
DA:120,4
DA:121,4
DA:123,4
DA:124,3
DA:127,1
DA:136,1
DA:141,3
DA:145,9
DA:146,9
DA:147,9
DA:149,9
DA:150,1
DA:153,8
DA:160,8
DA:166,7
DA:167,7
DA:169,7
DA:170,3
DA:174,4
DA:175,4
DA:178,4
DA:192,4
DA:193,4
DA:194,1
DA:197,3
DA:198,3
LF:48
LH:48
BRDA:94,0,0,1
BRDA:94,0,1,11
BRDA:105,1,0,1
BRDA:105,1,1,3
BRDA:106,2,0,1
BRDA:106,2,1,3
BRDA:107,3,0,1
BRDA:107,3,1,3
BRDA:109,4,0,1
BRDA:109,4,1,3
BRDA:109,5,0,4
BRDA:109,5,1,3
BRDA:111,6,0,1
BRDA:111,6,1,0
BRDA:112,7,0,1
BRDA:112,7,1,0
BRDA:123,8,0,3
BRDA:123,8,1,1
BRDA:143,9,0,9
BRDA:146,10,0,9
BRDA:146,10,1,1
BRDA:147,11,0,9
BRDA:147,11,1,1
BRDA:149,12,0,1
BRDA:149,12,1,8
BRDA:169,13,0,3
BRDA:169,13,1,4
BRDA:170,14,0,3
BRDA:170,14,1,0
BRDA:184,15,0,4
BRDA:184,15,1,3
BRDA:193,16,0,1
BRDA:193,16,1,3
BRDA:197,17,0,2
BRDA:197,17,1,1
BRF:35
BRH:32
end_of_record
TN:
SF:src\modules\chat\index.ts
FN:2,(anonymous_10)
FN:3,(anonymous_11)
FNF:2
FNH:2
FNDA:2,(anonymous_10)
FNDA:2,(anonymous_11)
DA:1,2
DA:2,4
DA:3,4
LF:3
LH:3
BRF:0
BRH:0
end_of_record
TN:
SF:src\modules\incidents\incident.controller.ts
FN:5,(anonymous_9)
FN:10,(anonymous_10)
FN:16,(anonymous_11)
FN:21,(anonymous_12)
FN:27,(anonymous_13)
FNF:5
FNH:5
FNDA:1,(anonymous_9)
FNDA:2,(anonymous_10)
FNDA:1,(anonymous_11)
FNDA:1,(anonymous_12)
FNDA:2,(anonymous_13)
DA:2,3
DA:3,3
DA:5,3
DA:6,1
DA:7,1
DA:10,3
DA:11,2
DA:12,2
DA:13,1
DA:16,3
DA:17,1
DA:18,1
DA:21,3
DA:22,1
DA:23,1
DA:24,1
DA:27,3
DA:28,2
DA:29,2
DA:30,1
LF:20
LH:20
BRDA:11,0,0,0
BRDA:11,0,1,2
BRDA:22,1,0,0
BRDA:22,1,1,1
BRDA:28,2,0,0
BRDA:28,2,1,2
BRF:6
BRH:3
end_of_record
TN:
SF:src\modules\incidents\incident.model.ts
FN:17,(anonymous_0)
FNF:1
FNH:1
FNDA:1,(anonymous_0)
DA:1,4
DA:4,4
DA:18,1
DA:19,1
DA:20,1
DA:21,1
DA:27,4
LF:7
LH:7
BRF:0
BRH:0
end_of_record
TN:
SF:src\modules\incidents\incident.routes.ts
FNF:0
FNH:0
DA:1,3
DA:2,3
DA:3,3
DA:4,3
DA:6,3
DA:8,3
DA:9,3
DA:10,3
DA:11,3
DA:12,3
DA:14,3
LF:11
LH:11
BRF:0
BRH:0
end_of_record
TN:
SF:src\modules\incidents\incident.service.ts
FN:5,(anonymous_0)
FN:9,(anonymous_1)
FN:17,(anonymous_2)
FN:40,(anonymous_3)
FN:61,(anonymous_4)
FNF:5
FNH:5
FNDA:1,(anonymous_0)
FNDA:2,(anonymous_1)
FNDA:3,(anonymous_2)
FNDA:5,(anonymous_3)
FNDA:2,(anonymous_4)
DA:2,3
DA:3,3
DA:5,3
DA:6,1
DA:9,3
DA:10,2
DA:11,2
DA:12,1
DA:14,1
DA:17,3
DA:23,3
DA:24,3
DA:31,3
DA:33,2
DA:34,1
DA:36,1
DA:40,3
DA:41,5
DA:42,5
DA:46,2
DA:47,1
DA:49,1
DA:51,4
DA:52,2
DA:54,2
DA:55,1
DA:57,1
DA:61,3
DA:62,2
DA:63,2
DA:64,1
LF:31
LH:31
BRDA:11,0,0,1
BRDA:11,0,1,1
BRDA:33,1,0,1
BRDA:33,1,1,1
BRDA:46,2,0,1
BRDA:46,2,1,1
BRDA:51,3,0,2
BRDA:51,3,1,2
BRDA:51,4,0,4
BRDA:51,4,1,3
BRDA:54,5,0,1
BRDA:54,5,1,1
BRDA:63,6,0,1
BRDA:63,6,1,1
BRF:14
BRH:14
end_of_record
TN:
SF:src\modules\incidents\index.ts
FN:1,(anonymous_10)
FN:4,(anonymous_11)
FN:4,(anonymous_12)
FN:4,(anonymous_13)
FN:4,(anonymous_14)
FN:4,(anonymous_15)
FN:5,(anonymous_16)
FNF:7
FNH:5
FNDA:1,(anonymous_10)
FNDA:2,(anonymous_11)
FNDA:0,(anonymous_12)
FNDA:1,(anonymous_13)
FNDA:1,(anonymous_14)
FNDA:0,(anonymous_15)
FNDA:2,(anonymous_16)
DA:1,3
DA:3,2
DA:4,4
DA:5,4
LF:4
LH:4
BRF:0
BRH:0
end_of_record
TN:
SF:src\modules\incidents\dtos\create-incident.dto.ts
FN:10,(anonymous_0)
FN:37,(anonymous_1)
FNF:2
FNH:2
FNDA:7,(anonymous_0)
FNDA:11,(anonymous_1)
DA:10,4
DA:11,7
DA:13,7
DA:14,2
DA:17,5
DA:18,1
DA:21,4
DA:22,1
DA:25,3
DA:26,1
DA:29,2
DA:37,4
DA:38,11
DA:39,11
DA:41,11
DA:42,2
DA:43,1
DA:45,1
DA:48,10
DA:49,3
DA:50,1
DA:52,2
DA:55,9
DA:56,4
DA:57,1
DA:59,3
DA:62,8
DA:63,2
DA:64,1
DA:66,1
DA:69,7
DA:70,3
DA:71,1
DA:73,2
DA:76,6
DA:77,2
DA:80,4
LF:37
LH:37
BRDA:13,0,0,2
BRDA:13,0,1,5
BRDA:13,1,0,7
BRDA:13,1,1,6
BRDA:17,2,0,1
BRDA:17,2,1,4
BRDA:17,3,0,5
BRDA:17,3,1,5
BRDA:21,4,0,1
BRDA:21,4,1,3
BRDA:25,5,0,1
BRDA:25,5,1,2
BRDA:25,6,0,3
BRDA:25,6,1,3
BRDA:41,7,0,2
BRDA:41,7,1,9
BRDA:41,8,0,11
BRDA:41,8,1,2
BRDA:42,9,0,1
BRDA:42,9,1,1
BRDA:42,10,0,2
BRDA:42,10,1,2
BRDA:48,11,0,3
BRDA:48,11,1,7
BRDA:48,12,0,10
BRDA:48,12,1,3
BRDA:49,13,0,1
BRDA:49,13,1,2
BRDA:49,14,0,3
BRDA:49,14,1,2
BRDA:55,15,0,4
BRDA:55,15,1,5
BRDA:55,16,0,9
BRDA:55,16,1,4
BRDA:56,17,0,1
BRDA:56,17,1,3
BRDA:62,18,0,2
BRDA:62,18,1,6
BRDA:62,19,0,8
BRDA:62,19,1,2
BRDA:63,20,0,1
BRDA:63,20,1,1
BRDA:69,21,0,3
BRDA:69,21,1,4
BRDA:69,22,0,7
BRDA:69,22,1,3
BRDA:70,23,0,1
BRDA:70,23,1,2
BRDA:70,24,0,3
BRDA:70,24,1,3
BRDA:76,25,0,2
BRDA:76,25,1,4
BRF:52
BRH:52
end_of_record
TN:
SF:src\utils\responses.ts
FN:4,(anonymous_0)
FN:13,(anonymous_1)
FN:24,(anonymous_2)
FNF:3
FNH:3
FNDA:8,(anonymous_0)
FNDA:15,(anonymous_1)
FNDA:1,(anonymous_2)
DA:4,10
DA:5,8
DA:10,8
DA:13,10
DA:14,15
DA:18,15
DA:19,2
DA:21,15
DA:24,10
DA:32,1
DA:39,1
LF:11
LH:11
BRDA:4,0,0,0
BRDA:4,1,0,5
BRDA:13,2,0,1
BRDA:18,3,0,2
BRDA:18,3,1,13
BRDA:30,4,0,1
BRF:6
BRH:5
end_of_record
